Using pre-set license
Built from '2021.1/staging' branch; Version is '2021.1.18f1 (25bdc3efbc2d) revision 2473411'; Using compiler version '192528614'; Build Type 'Release'
OS: 'Windows 10 Home; OS build 19042.1237; Version 2009; 64bit' Language: 'es' Physical Memory: 16260 MB
BatchMode: 1, IsHumanControllingUs: 0, StartBugReporterOnCrash: 0, Is64bit: 1, IsPro: 0

COMMAND LINE ARGUMENTS:
C:\Program Files\Unity\Hub\Editor\2021.1.18f1\Editor\Unity.exe
-adb2
-batchMode
-noUpm
-name
AssetImportWorker0
-projectPath
D:/taller Multiplataforma/Clase3/PF/PinballProyect
-logFile
Logs/AssetImportWorker0.log
-srvPort
60933
Successfully changed project path to: D:/taller Multiplataforma/Clase3/PF/PinballProyect
D:/taller Multiplataforma/Clase3/PF/PinballProyect
Using Asset Import Pipeline V2.
Refreshing native plugins compatible for Editor in 83.87 ms, found 3 plugins.
Preloading 0 native plugins for Editor in 0.00 ms.
Initialize engine version: 2021.1.18f1 (25bdc3efbc2d)
[Subsystems] Discovering subsystems at path C:/Program Files/Unity/Hub/Editor/2021.1.18f1/Editor/Data/Resources/UnitySubsystems
[Subsystems] Discovering subsystems at path D:/taller Multiplataforma/Clase3/PF/PinballProyect/Assets
GfxDevice: creating device client; threaded=0; jobified=0
Direct3D:
    Version:  Direct3D 11.0 [level 11.1]
    Renderer: NVIDIA GeForce GTX 1060 with Max-Q Design (ID=0x1c20)
    Vendor:   NVIDIA
    VRAM:     6052 MB
    Driver:   27.21.14.6280
Initialize mono
Mono path[0] = 'C:/Program Files/Unity/Hub/Editor/2021.1.18f1/Editor/Data/Managed'
Mono path[1] = 'C:/Program Files/Unity/Hub/Editor/2021.1.18f1/Editor/Data/MonoBleedingEdge/lib/mono/unityjit'
Mono config path = 'C:/Program Files/Unity/Hub/Editor/2021.1.18f1/Editor/Data/MonoBleedingEdge/etc'
Using monoOptions --debugger-agent=transport=dt_socket,embedding=1,server=y,suspend=n,address=127.0.0.1:56224
Begin MonoManager ReloadAssembly
Registering precompiled unity dll's ...
Register platform support module: C:/Program Files/Unity/Hub/Editor/2021.1.18f1/Editor/Data/PlaybackEngines/WebGLSupport/UnityEditor.WebGL.Extensions.dll
Register platform support module: C:/Program Files/Unity/Hub/Editor/2021.1.18f1/Editor/Data/PlaybackEngines/WindowsStandaloneSupport/UnityEditor.WindowsStandalone.Extensions.dll
Registered in 0.002710 seconds.
Native extension for WindowsStandalone target not found
Native extension for WebGL target not found
Refreshing native plugins compatible for Editor in 84.05 ms, found 3 plugins.
Preloading 0 native plugins for Editor in 0.00 ms.
Mono: successfully reloaded assembly
- Completed reload, in  1.892 seconds
Domain Reload Profiling:
	ReloadAssembly (1892ms)
		BeginReloadAssembly (74ms)
			ExecutionOrderSort (0ms)
			DisableScriptedObjects (0ms)
			BackupInstance (0ms)
			ReleaseScriptingObjects (0ms)
			CreateAndSetChildDomain (1ms)
		EndReloadAssembly (460ms)
			LoadAssemblies (72ms)
			RebuildTransferFunctionScriptingTraits (0ms)
			SetupTypeCache (162ms)
			ReleaseScriptCaches (0ms)
			RebuildScriptCaches (32ms)
			SetupLoadedEditorAssemblies (219ms)
				LogAssemblyErrors (0ms)
				InitializePlatformSupportModulesInManaged (7ms)
				SetLoadedEditorAssemblies (0ms)
				RefreshPlugins (84ms)
				BeforeProcessingInitializeOnLoad (1ms)
				ProcessInitializeOnLoadAttributes (97ms)
				ProcessInitializeOnLoadMethodAttributes (30ms)
				AfterProcessingInitializeOnLoad (0ms)
				EditorAssembliesLoaded (0ms)
			ExecutionOrderSort2 (0ms)
			AwakeInstancesAfterBackupRestoration (0ms)
Platform modules already initialized, skipping
Registering precompiled user dll's ...
Registered in 0.004120 seconds.
Begin MonoManager ReloadAssembly
Symbol file LoadedFromMemory doesn't match image D:\taller Multiplataforma\Clase3\PF\PinballProyect\Library\PackageCache\com.unity.visualscripting@1.6.1\Editor\VisualScripting.Core\Dependencies\YamlDotNet\Unity.VisualScripting.YamlDotNet.dll
Symbol file LoadedFromMemory doesn't match image D:\taller Multiplataforma\Clase3\PF\PinballProyect\Library\PackageCache\com.unity.visualscripting@1.6.1\Editor\VisualScripting.Core\Dependencies\DotNetZip\Unity.VisualScripting.IonicZip.dll
Native extension for WindowsStandalone target not found
Native extension for WebGL target not found
Refreshing native plugins compatible for Editor in 0.52 ms, found 3 plugins.
Preloading 0 native plugins for Editor in 0.00 ms.
Mono: successfully reloaded assembly
- Completed reload, in  1.177 seconds
Domain Reload Profiling:
	ReloadAssembly (1177ms)
		BeginReloadAssembly (164ms)
			ExecutionOrderSort (0ms)
			DisableScriptedObjects (4ms)
			BackupInstance (0ms)
			ReleaseScriptingObjects (0ms)
			CreateAndSetChildDomain (20ms)
		EndReloadAssembly (954ms)
			LoadAssemblies (100ms)
			RebuildTransferFunctionScriptingTraits (0ms)
			SetupTypeCache (339ms)
			ReleaseScriptCaches (1ms)
			RebuildScriptCaches (46ms)
			SetupLoadedEditorAssemblies (380ms)
				LogAssemblyErrors (0ms)
				InitializePlatformSupportModulesInManaged (6ms)
				SetLoadedEditorAssemblies (0ms)
				RefreshPlugins (1ms)
				BeforeProcessingInitializeOnLoad (69ms)
				ProcessInitializeOnLoadAttributes (291ms)
				ProcessInitializeOnLoadMethodAttributes (5ms)
				AfterProcessingInitializeOnLoad (8ms)
				EditorAssembliesLoaded (0ms)
			ExecutionOrderSort2 (0ms)
			AwakeInstancesAfterBackupRestoration (7ms)
Platform modules already initialized, skipping
========================================================================
Worker process is ready to serve import requests
Launched and connected shader compiler UnityShaderCompiler.exe after 0.05 seconds
Refreshing native plugins compatible for Editor in 0.53 ms, found 3 plugins.
Preloading 0 native plugins for Editor in 0.00 ms.
Unloading 2950 Unused Serialized files (Serialized files now loaded: 0)
System memory in use before: 105.7 MB.
System memory in use after: 105.9 MB.

Unloading 22 unused Assets to reduce memory usage. Loaded Objects now: 3394.
Total: 3.944900 ms (FindLiveObjects: 0.242900 ms CreateObjectMapping: 0.147700 ms MarkObjects: 3.498100 ms  DeleteObjects: 0.054800 ms)

AssetImportParameters requested are different than current active one (requested -> active):
  custom:framework-win-MediaFoundation: 216162199b28c13a410421893ffa2e32 -> 
  custom:video-decoder-ogg-theora: a1e56fd34408186e4bbccfd4996cb3dc -> 
  custom:container-muxer-webm: aa71ff27fc2769a1b78a27578f13a17b -> 
  custom:container-demuxer-webm: 4f35f7cbe854078d1ac9338744f61a02 -> 
  custom:container-demuxer-ogg: 62fdf1f143b41e24485cea50d1cbac27 -> 
  custom:video-encoder-webm-vp8: eb34c28f22e8b96e1ab97ce403110664 -> 
  custom:video-codec-MediaFoundation-h265: 746d11721c4dcdbdad8f713fa42b33f4 -> 
  custom:video-decoder-webm-vp8: 9c59270c3fd7afecdb556c50c9e8de78 -> 
  custom:audio-decoder-ogg-vorbis: bf7c407c2cedff20999df2af8eb42d56 -> 
  custom:audio-encoder-webm-vorbis: bf7c407c2cedff20999df2af8eb42d56 -> 
========================================================================
Received Import Request.
  path: Assets/BallMetal.mat
  artifactKey: Guid(fb892f9032ff4ce42b9cd0cf47d225e9) Importer(815301076,1909f56bfc062723c751e8b465ee728b)
Start importing Assets/BallMetal.mat using Guid(fb892f9032ff4ce42b9cd0cf47d225e9) Importer(815301076,1909f56bfc062723c751e8b465ee728b)  -> (artifact id: 'e2a6d66d9259635fe7e7b09a359c660a') in 0.351378 seconds 
========================================================================
Received Import Request.
  Time since last request: 0.000297 seconds.
  path: Assets/black.mat
  artifactKey: Guid(c278ce802f6c465449550eb23c76d749) Importer(815301076,1909f56bfc062723c751e8b465ee728b)
Start importing Assets/black.mat using Guid(c278ce802f6c465449550eb23c76d749) Importer(815301076,1909f56bfc062723c751e8b465ee728b)  -> (artifact id: '3bf1979712bc004805a1fb8164a7a18e') in 0.006752 seconds 
========================================================================
Received Import Request.
  Time since last request: 0.000274 seconds.
  path: Assets/BouncyMaterial.physicMaterial
  artifactKey: Guid(31e5282887675cb42ad88b8e04cea2fd) Importer(815301076,1909f56bfc062723c751e8b465ee728b)
Start importing Assets/BouncyMaterial.physicMaterial using Guid(31e5282887675cb42ad88b8e04cea2fd) Importer(815301076,1909f56bfc062723c751e8b465ee728b)  -> (artifact id: '86a55620dc1f58d0eb09255024d986c5') in 0.004917 seconds 
========================================================================
Received Import Request.
  Time since last request: 0.000324 seconds.
  path: Assets/IcyMaterial.physicMaterial
  artifactKey: Guid(eb2ecd56e696d4e4b9b3d35d09205401) Importer(815301076,1909f56bfc062723c751e8b465ee728b)
Start importing Assets/IcyMaterial.physicMaterial using Guid(eb2ecd56e696d4e4b9b3d35d09205401) Importer(815301076,1909f56bfc062723c751e8b465ee728b)  -> (artifact id: 'c351009529cf4862fefd5de248e1ed01') in 0.001722 seconds 
========================================================================
Received Import Request.
  Time since last request: 2.623943 seconds.
  path: Assets/Scenes
  artifactKey: Guid(b9002838092c939429997fd99dbb5165) Importer(815301076,1909f56bfc062723c751e8b465ee728b)
Start importing Assets/Scenes using Guid(b9002838092c939429997fd99dbb5165) Importer(815301076,1909f56bfc062723c751e8b465ee728b)  -> (artifact id: '2f63ae53a472754e90147e603a3e4638') in 0.001340 seconds 
========================================================================
Received Import Request.
  Time since last request: 7.591199 seconds.
  path: Assets/Scripts
  artifactKey: Guid(e18c28eeb4f3b454eb6751447755fe46) Importer(815301076,1909f56bfc062723c751e8b465ee728b)
Start importing Assets/Scripts using Guid(e18c28eeb4f3b454eb6751447755fe46) Importer(815301076,1909f56bfc062723c751e8b465ee728b)  -> (artifact id: '6c2288b4ffa75957aa0f2a1b2cb99112') in 0.001576 seconds 
========================================================================
Received Import Request.
  Time since last request: 2.034307 seconds.
  path: Assets/Prefabs
  artifactKey: Guid(e7be654d7625be240ae3b9e209f02ec4) Importer(815301076,1909f56bfc062723c751e8b465ee728b)
Start importing Assets/Prefabs using Guid(e7be654d7625be240ae3b9e209f02ec4) Importer(815301076,1909f56bfc062723c751e8b465ee728b)  -> (artifact id: '85ffa8f7f1b2c398c7feacbb9d2c84c7') in 0.001644 seconds 
========================================================================
Received Import Request.
  Time since last request: 0.070028 seconds.
  path: Assets/Prefabs/Ball.prefab
  artifactKey: Guid(cbbc676b215ca4a4ab03e69eb948e195) Importer(815301076,1909f56bfc062723c751e8b465ee728b)
Start importing Assets/Prefabs/Ball.prefab using Guid(cbbc676b215ca4a4ab03e69eb948e195) Importer(815301076,1909f56bfc062723c751e8b465ee728b)  -> (artifact id: '6b836613c73a84ceea7d7590e3234330') in 0.016772 seconds 
========================================================================
Received Import Request.
  Time since last request: 61.134382 seconds.
  path: Assets/Scenes/SampleScene.unity
  artifactKey: Guid(9fc0d4010bbf28b4594072e72b8655ab) Importer(815301076,1909f56bfc062723c751e8b465ee728b)
Start importing Assets/Scenes/SampleScene.unity using Guid(9fc0d4010bbf28b4594072e72b8655ab) Importer(815301076,1909f56bfc062723c751e8b465ee728b)  -> (artifact id: '5a8d35c269f58bc2d1c5d46656750aed') in 0.001814 seconds 
AssetImportWorkerClient::OnTransportError - code=2 error=End of file
